0 info it worked if it ends with ok
1 verbose cli [ 'node', '/usr/local/bin/npm', 'install' ]
2 info using npm@1.4.28
3 info using node@v0.10.35
4 verbose readDependencies using package.json deps
5 verbose install where, deps [ '/Users/patrik/Dropbox/GitHub/rullanurmi.github.io',
5 verbose install   [ 'grunt',
5 verbose install     'grunt-inline',
5 verbose install     'grunt-contrib-connect',
5 verbose install     'grunt-contrib-htmlmin',
5 verbose install     'grunt-contrib-sass',
5 verbose install     'grunt-contrib-watch',
5 verbose install     'load-grunt-tasks' ] ]
6 info preinstall rullanurmi@0.1.0
7 verbose readDependencies using package.json deps
8 verbose already installed skipping grunt@~0.4.5 /Users/patrik/Dropbox/GitHub/rullanurmi.github.io
9 verbose cache add [ 'grunt-inline@^0.9.0', null ]
10 verbose cache add name=undefined spec="grunt-inline@^0.9.0" args=["grunt-inline@^0.9.0",null]
11 verbose parsed url { protocol: null,
11 verbose parsed url   slashes: null,
11 verbose parsed url   auth: null,
11 verbose parsed url   host: null,
11 verbose parsed url   port: null,
11 verbose parsed url   hostname: null,
11 verbose parsed url   hash: null,
11 verbose parsed url   search: null,
11 verbose parsed url   query: null,
11 verbose parsed url   pathname: 'grunt-inline@^0.9.0',
11 verbose parsed url   path: 'grunt-inline@^0.9.0',
11 verbose parsed url   href: 'grunt-inline@^0.9.0' }
12 verbose already installed skipping grunt-contrib-connect@^0.9.0 /Users/patrik/Dropbox/GitHub/rullanurmi.github.io
13 verbose already installed skipping grunt-contrib-htmlmin@~0.3.0 /Users/patrik/Dropbox/GitHub/rullanurmi.github.io
14 verbose already installed skipping grunt-contrib-sass@~0.6.0 /Users/patrik/Dropbox/GitHub/rullanurmi.github.io
15 verbose cache add name="grunt-inline" spec="^0.9.0" args=["grunt-inline","^0.9.0"]
16 verbose parsed url { protocol: null,
16 verbose parsed url   slashes: null,
16 verbose parsed url   auth: null,
16 verbose parsed url   host: null,
16 verbose parsed url   port: null,
16 verbose parsed url   hostname: null,
16 verbose parsed url   hash: null,
16 verbose parsed url   search: null,
16 verbose parsed url   query: null,
16 verbose parsed url   pathname: '^0.9.0',
16 verbose parsed url   path: '^0.9.0',
16 verbose parsed url   href: '^0.9.0' }
17 verbose addNamed [ 'grunt-inline', '^0.9.0' ]
18 verbose addNamed [ null, '>=0.9.0-0 <0.10.0-0' ]
19 verbose already installed skipping grunt-contrib-watch@~0.6.1 /Users/patrik/Dropbox/GitHub/rullanurmi.github.io
20 verbose already installed skipping load-grunt-tasks@~3.1.0 /Users/patrik/Dropbox/GitHub/rullanurmi.github.io
21 silly lockFile f49fdbc3-grunt-inline-0-9-0 grunt-inline@^0.9.0
22 verbose lock grunt-inline@^0.9.0 /Users/patrik/.npm/f49fdbc3-grunt-inline-0-9-0.lock
23 silly addNameRange { name: 'grunt-inline',
23 silly addNameRange   range: '>=0.9.0-0 <0.10.0-0',
23 silly addNameRange   hasData: false }
24 verbose request where is /grunt-inline
25 verbose request registry https://registry.npmjs.org/
26 verbose request id 0c23b219a6f42478
27 verbose url raw /grunt-inline
28 verbose url resolving [ 'https://registry.npmjs.org/', './grunt-inline' ]
29 verbose url resolved https://registry.npmjs.org/grunt-inline
30 verbose request where is https://registry.npmjs.org/grunt-inline
31 info trying registry request attempt 1 at 13:03:15
32 verbose etag "AS72OGXBOX0EKLO8OMVMBHV7H"
33 http GET https://registry.npmjs.org/grunt-inline
34 http 304 https://registry.npmjs.org/grunt-inline
35 silly registry.get cb [ 304,
35 silly registry.get   { date: 'Fri, 20 Feb 2015 11:03:15 GMT',
35 silly registry.get     server: 'Apache',
35 silly registry.get     via: '1.1 varnish',
35 silly registry.get     'last-modified': 'Fri, 20 Feb 2015 11:03:15 GMT',
35 silly registry.get     'cache-control': 'max-age=60',
35 silly registry.get     etag: '"AS72OGXBOX0EKLO8OMVMBHV7H"',
35 silly registry.get     age: '17',
35 silly registry.get     'x-served-by': 'cache-fra1222-FRA',
35 silly registry.get     'x-cache': 'HIT',
35 silly registry.get     'x-cache-hits': '1',
35 silly registry.get     'x-timer': 'S1424430195.525166,VS0,VE0',
35 silly registry.get     vary: 'Accept',
35 silly registry.get     'content-length': '0',
35 silly registry.get     'keep-alive': 'timeout=10, max=50',
35 silly registry.get     connection: 'Keep-Alive' } ]
36 verbose etag https://registry.npmjs.org/grunt-inline from cache
37 silly addNameRange number 2 { name: 'grunt-inline',
37 silly addNameRange   range: '>=0.9.0-0 <0.10.0-0',
37 silly addNameRange   hasData: true }
38 silly addNameRange versions [ 'grunt-inline',
38 silly addNameRange   [ '0.1.0',
38 silly addNameRange     '0.1.1',
38 silly addNameRange     '0.1.2',
38 silly addNameRange     '0.1.3',
38 silly addNameRange     '0.1.4',
38 silly addNameRange     '0.1.5',
38 silly addNameRange     '0.1.6',
38 silly addNameRange     '0.1.7',
38 silly addNameRange     '0.1.8',
38 silly addNameRange     '0.1.9',
38 silly addNameRange     '0.2.0',
38 silly addNameRange     '0.2.2',
38 silly addNameRange     '0.2.4',
38 silly addNameRange     '0.2.5',
38 silly addNameRange     '0.2.6',
38 silly addNameRange     '0.2.7',
38 silly addNameRange     '0.2.9',
38 silly addNameRange     '0.3.0',
38 silly addNameRange     '0.3.1',
38 silly addNameRange     '0.3.2',
38 silly addNameRange     '0.3.4' ] ]
39 silly lockFile f49fdbc3-grunt-inline-0-9-0 grunt-inline@^0.9.0
40 silly lockFile f49fdbc3-grunt-inline-0-9-0 grunt-inline@^0.9.0
41 error notarget No compatible version found: grunt-inline@'>=0.9.0-0 <0.10.0-0'
41 error notarget Valid install targets:
41 error notarget ["0.1.0","0.1.1","0.1.2","0.1.3","0.1.4","0.1.5","0.1.6","0.1.7","0.1.8","0.1.9","0.2.0","0.2.2","0.2.4","0.2.5","0.2.6","0.2.7","0.2.9","0.3.0","0.3.1","0.3.2","0.3.4"]
41 error notarget
41 error notarget This is most likely not a problem with npm itself.
41 error notarget In most cases you or one of your dependencies are requesting
41 error notarget a package version that doesn't exist.
42 error System Darwin 14.3.0
43 error command "node" "/usr/local/bin/npm" "install"
44 error cwd /Users/patrik/Dropbox/GitHub/rullanurmi.github.io
45 error node -v v0.10.35
46 error npm -v 1.4.28
47 error code ETARGET
48 verbose exit [ 1, true ]
